 (Win32) Pre-Alpha,  : , Dec 29 2013, 20:49:57
Initializing Survivor Engine, 16 Module(s)...
Initialized all modules
Initializing threads...
Thread started 'update-thread'
Thread started 'render-thread'
Initializing render module-1 window-Win32...
Initialized Threads: r=3, u=3
Initializing user-space...
Finished intializing, time: 0.79528 seconds

GL: New tex: 1
GL: New tex: 2
GL: New tex: 3
GL: New tex: 4
Shutdown By Input
Shutting down...

Cleaning user-space...
Cleaning Threads...
Cleaning render module-64 font-manager...
Cleaning render module-18 texture cache...
Cleaning render module-8 segl...
Cleaning render module-2 opengl...
Cleaning render module-1 window-Win32...
Thread ended 'render-thread'
Thread ended 'update-thread'
Cleaning Survivor Engine, 16 Module(s)
Cleaning module-94 umbrelaya-map...
Cleaning module-64 gui...
Cleaning module-64 menu...
Cleanup Menu Waiting
Cleaning Menu
Cleaned up Menu
Cleaning module-20 bullet-physics...
Cleaning module-10 hil...
Cleaning module-3 input...
Cleaning module-1 filesystem...
Cleaning module-1 window-Win32...
Win32 Release Rendering Context For Engine Failed: 6-The handle is invalid.
'window-Win32' failed with error code
Cleaning module-0 thread-boost...
Thread ended 'engine'
Thread ended 'update-thread'
Thread ended 'render-thread'
Cleaning module-0 debug-profiler...
Profile stats:
	se_printf (01123A10): 149
Cleaning module-0 debug...
Unfreed memory:
	00D7D978: shader
	00D7D9B8: shader
	00E086A0: file read stream buf
	00E33F38: file read stream buf
	06B101C8: file read stream buf
	00E35300: file read stream buf
Cleaning module-0 uid...
UID Deleting '_global'
UID Deleting 'hil'
Cleaned all modules
