Linux version 3.11.0-14-generic (buildd@allspice) (gcc version 4.8.1 (Ubuntu/Linaro 4.8.1-10ubuntu8) ) #21-Ubuntu SMP Tue Nov 12 17:04:55 UTC 2013
nr_free_pages 187141
nr_inactive_anon 132003
nr_active_anon 410450
nr_inactive_file 418319
nr_active_file 350620
nr_unevictable 0
nr_mlock 0
nr_anon_pages 524497
nr_mapped 208513
nr_file_pages 790332
nr_dirty 247
nr_writeback 0
nr_slab_reclaimable 320320
nr_slab_unreclaimable 14717
nr_page_table_pages 7123
nr_kernel_stack 582
nr_unstable 0
nr_bounce 0
nr_vmscan_write 482206
nr_vmscan_immediate_reclaim 99
nr_writeback_temp 0
nr_isolated_anon 0
nr_isolated_file 0
nr_shmem 11216
nr_dirtied 36421842
nr_written 35967623
numa_hit 9125890259
numa_miss 0
numa_foreign 0
numa_interleave 17232
numa_local 9125890259
numa_other 0
nr_anon_transparent_hugepages 0
nr_free_cma 0
nr_dirty_threshold 144777
nr_dirty_background_threshold 72388
pgpgin 96202985
pgpgout 183243075
pswpin 264745
pswpout 482206
pgalloc_dma 2
pgalloc_dma32 4199687488
pgalloc_normal 7757974461
pgalloc_movable 0
pgfree 11957899594
pgactivate 10747492
pgdeactivate 4030741
pgfault 7879593716
pgmajfault 69895
pgrefill_dma 0
pgrefill_dma32 1081359
pgrefill_normal 3191633
pgrefill_movable 0
pgsteal_kswapd_dma 0
pgsteal_kswapd_dma32 3593707
pgsteal_kswapd_normal 5436712
pgsteal_kswapd_movable 0
pgsteal_direct_dma 0
pgsteal_direct_dma32 1108790
pgsteal_direct_normal 2121304
pgsteal_direct_movable 0
pgscan_kswapd_dma 0
pgscan_kswapd_dma32 3615358
pgscan_kswapd_normal 5772399
pgscan_kswapd_movable 0
pgscan_direct_dma 0
pgscan_direct_dma32 1228054
pgscan_direct_normal 2510287
pgscan_direct_movable 0
pgscan_direct_throttle 0
zone_reclaim_failed 0
pginodesteal 337123
slabs_scanned 19585152
kswapd_inodesteal 152413
kswapd_low_wmark_hit_quickly 15239
kswapd_high_wmark_hit_quickly 14196
pageoutrun 30081
allocstall 8616
pgrotated 483846
numa_pte_updates 0
numa_hint_faults 0
numa_hint_faults_local 0
numa_pages_migrated 0
pgmigrate_success 48970
pgmigrate_fail 0
compact_migrate_scanned 70338
compact_free_scanned 3070911
compact_isolated 98505
compact_stall 13
compact_fail 0
compact_success 13
htlb_buddy_alloc_success 0
htlb_buddy_alloc_fail 0
unevictable_pgs_culled 4
unevictable_pgs_scanned 0
unevictable_pgs_rescued 76
unevictable_pgs_mlocked 76
unevictable_pgs_munlocked 76
unevictable_pgs_cleared 0
unevictable_pgs_stranded 0
thp_fault_alloc 0
thp_fault_fallback 0
thp_collapse_alloc 0
thp_collapse_alloc_failed 0
thp_split 0
thp_zero_page_alloc 0
thp_zero_page_alloc_failed 0
cpu  31064277 411267 7080889 29796153 233196 148 94246 0 0 0
cpu0 7526474 91004 1823372 28273423 218729 98 59059 0 0 0
cpu1 7524468 104360 1805233 504092 6585 4 6664 0 0 0
cpu2 8369500 107306 1697639 507911 5446 40 25087 0 0 0
cpu3 7643834 108595 1754643 510725 2436 6 3435 0 0 0
intr 2382564424 26 31 0 0 0 0 0 0 1 0 0 0 46 0 0 0 26893348 953 0 0 0 0 0 3547619 0 0 0 0 0 0 0 0 0 0 0 0 0 0 0 0 0 0 0 0 0 0 6835327 42001425 12 42 243 0 0 0 0 0 0 0 0 0 0 0 0 0 0 0 0 0 0 0 0 0 0 0 0 0 0 0 0 0 0 0 0 0 0 0 0 0 0 0 0 0 0 0 0 0 0 0 0 0 0 0 0 0 0 0 0 0 0 0 0 0 0 0 0 0 0 0 0 0 0 0 0 0 0 0 0 0 0 0 0 0 0 0 0 0 0 0 0 0 0 0 0 0 0 0 0 0 0 0 0 0 0 0 0 0 0 0 0 0 0 0 0 0 0 0 0 0 0 0 0 0 0 0 0 0 0 0 0 0 0 0 0 0 0 0 0 0 0 0 0 0 0 0 0 0 0 0 0 0 0 0 0 0 0 0 0 0 0 0 0 0 0 0 0 0 0 0 0 0 0 0 0 0 0 0 0 0 0 0 0 0 0 0 0 0 0 0 0 0 0 0 0 0 0 0 0 0 0 0 0 0 0 0 0 0 0 0 0 0 0 0 0 0 0 0 0 0 0 0 0 0 0 0 0 0 0 0 0 0 0 0 0 0 0 0 0 0 0 0 0 0 0 0 0 0 0 0 0 0 0 0 0 0 0 0 0 0 0 0 0 0 0 0 0 0 0 0 0 0 0 0 0 0 0 0 0 0 0 0 0 0 0 0 0 0 0 0 0 0 0 0 0 0 0 0 0 0 0 0 0 0 0 0 0 0 0 0 0 0 0 0 0 0 0 0 0 0 0 0 0 0 0 0 0 0 0 0 0 0 0 0 0 0 0 0 0 0 0 0 0 0 0 0 0 0 0 0 0 0 0 0 0 0 0 0 0 0 0 0 0 0 0 0 0 0 0 0 0 0 0 0 0 0 0 0 0 0 0 0 0 0 0 0 0 0 0 0 0 0 0 0 0 0 0 0 0 0 0 0 0 0 0 0 0 0 0 0 0 0 0 0 0 0 0 0 0 0 0 0 0 0 0 0 0 0 0 0 0 0 0 0 0 0 0 0 0 0 0 0 0 0 0 0 0 0 0 0 0 0 0 0 0 0 0 0 0 0 0 0 0 0 0 0 0 0 0 0 0 0 0 0 0 0 0 0 0 0 0 0 0 0 0 0 0 0 0 0 0 0 0 0 0 0 0 0 0 0 0 0 0 0 0 0 0 0 0 0 0 0 0 0 0 0 0 0 0 0 0 0 0 0 0 0 0 0 0 0 0 0 0 0 0 0 0 0 0 0 0 0 0 0 0 0 0 0 0 0 0 0 0 0 0 0 0 0 0 0 0 0 0 0 0 0 0 0 0 0 0 0 0 0 0 0 0 0 0 0 0 0 0 0 0 0 0 0 0 0 0 0 0 0 0 0 0 0 0 0 0 0 0 0 0 0 0 0 0 0 0 0 0 0 0 0 0 0 0 0 0 0 0 0 0 0 0 0 0 0 0 0 0 0 0 0 0 0 0 0 0 0 0 0 0 0 0 0 0 0 0 0 0 0 0 0 0 0 0 0 0 0 0 0
ctxt 4452267452
btime 1386998598
processes 236088
procs_running 2
procs_blocked 0
softirq 313272369 42 123574757 64430 42095924 6651251 42 27358942 33446825 494239 79585917
 55 vboxnetctl
 56 vboxdrv
232 kvm
184 microcode
 57 mei
 58 network_throughput
 59 network_latency
 60 cpu_dma_latency
227 mcelog
236 device-mapper
223 uinput
  1 psaux
200 tun
237 loop-control
228 hpet
229 fuse
 61 ecryptfs
231 snapshot
 62 rfkill
 63 vga_arbiter
0.35 0.40 0.48 1/583 11694
MemTotal:        8067752 kB
MemFree:          748260 kB
Buffers:          740212 kB
Cached:          2380416 kB
SwapCached:        40700 kB
Active:          3044452 kB
Inactive:        2201288 kB
Active(anon):    1641972 kB
Inactive(anon):   528012 kB
Active(file):    1402480 kB
Inactive(file):  1673276 kB
Unevictable:           0 kB
Mlocked:               0 kB
SwapTotal:      50331644 kB
SwapFree:       50105412 kB
Dirty:               988 kB
Writeback:             0 kB
AnonPages:       2098244 kB
Mapped:           834052 kB
Shmem:             44864 kB
Slab:            1340148 kB
SReclaimable:    1281280 kB
SUnreclaim:        58868 kB
KernelStack:        4656 kB
PageTables:        28492 kB
NFS_Unstable:          0 kB
Bounce:                0 kB
WritebackTmp:          0 kB
CommitLimit:    54365520 kB
Committed_AS:    5761536 kB
VmallocTotal:   34359738367 kB
VmallocUsed:      487532 kB
VmallocChunk:   34359218684 kB
HardwareCorrupted:     0 kB
AnonHugePages:         0 kB
HugePages_Total:       0
HugePages_Free:        0
HugePages_Rsvd:        0
HugePages_Surp:        0
Hugepagesize:       2048 kB
DirectMap4k:     7093636 kB
DirectMap2M:     1257472 kB
Architecture:          x86_64
CPU op-mode(s):        32-bit, 64-bit
Byte Order:            Little Endian
CPU(s):                4
On-line CPU(s) list:   0-3
Thread(s) per core:    1
Core(s) per socket:    4
Socket(s):             1
NUMA node(s):          1
Vendor ID:             GenuineIntel
CPU family:            6
Model:                 42
Stepping:              7
CPU MHz:               1600.000
BogoMIPS:              5985.94
Virtualization:        VT-x
L1d cache:             32K
L1i cache:             32K
L2 cache:              256K
L3 cache:              6144K
NUMA node0 CPU(s):     0-3
processor	: 0
vendor_id	: GenuineIntel
cpu family	: 6
model		: 42
model name	: Intel(R) Core(TM) i5-2320 CPU @ 3.00GHz
stepping	: 7
microcode	: 0x28
cpu MHz		: 1600.000
cache size	: 6144 KB
physical id	: 0
siblings	: 4
core id		: 0
cpu cores	: 4
apicid		: 0
initial apicid	: 0
fpu		: yes
fpu_exception	: yes
cpuid level	: 13
wp		: yes
flags		: fpu vme de pse tsc msr pae mce cx8 apic sep mtrr pge mca cmov pat pse36 clflush dts acpi mmx fxsr sse sse2 ss ht tm pbe syscall nx rdtscp lm constant_tsc arch_perfmon pebs bts rep_good nopl xtopology nonstop_tsc aperfmperf eagerfpu pni pclmulqdq dtes64 monitor ds_cpl vmx est tm2 ssse3 cx16 xtpr pdcm pcid sse4_1 sse4_2 popcnt tsc_deadline_timer aes xsave avx lahf_lm ida arat epb xsaveopt pln pts dtherm tpr_shadow vnmi flexpriority ept vpid
bogomips	: 5985.94
clflush size	: 64
cache_alignment	: 64
address sizes	: 36 bits physical, 48 bits virtual
power management:

processor	: 1
vendor_id	: GenuineIntel
cpu family	: 6
model		: 42
model name	: Intel(R) Core(TM) i5-2320 CPU @ 3.00GHz
stepping	: 7
microcode	: 0x28
cpu MHz		: 1600.000
cache size	: 6144 KB
physical id	: 0
siblings	: 4
core id		: 1
cpu cores	: 4
apicid		: 2
initial apicid	: 2
fpu		: yes
fpu_exception	: yes
cpuid level	: 13
wp		: yes
flags		: fpu vme de pse tsc msr pae mce cx8 apic sep mtrr pge mca cmov pat pse36 clflush dts acpi mmx fxsr sse sse2 ss ht tm pbe syscall nx rdtscp lm constant_tsc arch_perfmon pebs bts rep_good nopl xtopology nonstop_tsc aperfmperf eagerfpu pni pclmulqdq dtes64 monitor ds_cpl vmx est tm2 ssse3 cx16 xtpr pdcm pcid sse4_1 sse4_2 popcnt tsc_deadline_timer aes xsave avx lahf_lm ida arat epb xsaveopt pln pts dtherm tpr_shadow vnmi flexpriority ept vpid
bogomips	: 5985.94
clflush size	: 64
cache_alignment	: 64
address sizes	: 36 bits physical, 48 bits virtual
power management:

processor	: 2
vendor_id	: GenuineIntel
cpu family	: 6
model		: 42
model name	: Intel(R) Core(TM) i5-2320 CPU @ 3.00GHz
stepping	: 7
microcode	: 0x28
cpu MHz		: 1600.000
cache size	: 6144 KB
physical id	: 0
siblings	: 4
core id		: 2
cpu cores	: 4
apicid		: 4
initial apicid	: 4
fpu		: yes
fpu_exception	: yes
cpuid level	: 13
wp		: yes
flags		: fpu vme de pse tsc msr pae mce cx8 apic sep mtrr pge mca cmov pat pse36 clflush dts acpi mmx fxsr sse sse2 ss ht tm pbe syscall nx rdtscp lm constant_tsc arch_perfmon pebs bts rep_good nopl xtopology nonstop_tsc aperfmperf eagerfpu pni pclmulqdq dtes64 monitor ds_cpl vmx est tm2 ssse3 cx16 xtpr pdcm pcid sse4_1 sse4_2 popcnt tsc_deadline_timer aes xsave avx lahf_lm ida arat epb xsaveopt pln pts dtherm tpr_shadow vnmi flexpriority ept vpid
bogomips	: 5985.94
clflush size	: 64
cache_alignment	: 64
address sizes	: 36 bits physical, 48 bits virtual
power management:

processor	: 3
vendor_id	: GenuineIntel
cpu family	: 6
model		: 42
model name	: Intel(R) Core(TM) i5-2320 CPU @ 3.00GHz
stepping	: 7
microcode	: 0x28
cpu MHz		: 1600.000
cache size	: 6144 KB
physical id	: 0
siblings	: 4
core id		: 3
cpu cores	: 4
apicid		: 6
initial apicid	: 6
fpu		: yes
fpu_exception	: yes
cpuid level	: 13
wp		: yes
flags		: fpu vme de pse tsc msr pae mce cx8 apic sep mtrr pge mca cmov pat pse36 clflush dts acpi mmx fxsr sse sse2 ss ht tm pbe syscall nx rdtscp lm constant_tsc arch_perfmon pebs bts rep_good nopl xtopology nonstop_tsc aperfmperf eagerfpu pni pclmulqdq dtes64 monitor ds_cpl vmx est tm2 ssse3 cx16 xtpr pdcm pcid sse4_1 sse4_2 popcnt tsc_deadline_timer aes xsave avx lahf_lm ida arat epb xsaveopt pln pts dtherm tpr_shadow vnmi flexpriority ept vpid
bogomips	: 5985.94
clflush size	: 64
cache_alignment	: 64
address sizes	: 36 bits physical, 48 bits virtual
power management:

